Arguments: 
  /usr/bin/node /usr/share/yarn/bin/yarn.js remove fortawesome

PATH: 
  /home/jhenrique/.local/share/umake/bin:/home/jhenrique/bin:/home/jhenrique/.local/bin:/home/jhenrique/.local/share/umake/bin:/home/jhenrique/.rvm/gems/ruby-2.5.0/bin:/home/jhenrique/.rvm/gems/ruby-2.5.0@global/bin:/home/jhenrique/.rvm/rubies/ruby-2.5.0/bin:/home/jhenrique/bin:/home/jhenrique/.local/bin:/usr/local/sbin:/usr/local/bin:/usr/sbin:/usr/bin:/sbin:/bin:/usr/games:/usr/local/games:/snap/bin:/home/jhenrique/.rvm/bin:/home/jhenrique/.rvm/bin:/home/jhenrique/.rvm/bin

Yarn version: 
  1.5.1

Node version: 
  9.8.0

Platform: 
  linux x64

npm manifest: 
  {
    "name": "mahmoney",
    "private": true,
    "dependencies": {
      "@fortawesome/fontawesome": "^1.1.4"
    }
  }

yarn manifest: 
  No manifest

Lockfile: 
  # THIS IS AN AUTOGENERATED FILE. DO NOT EDIT THIS FILE DIRECTLY.
  # yarn lockfile v1
  
  
  "@fortawesome/fontawesome-common-types@^0.1.3":
    version "0.1.3"
    resolved "https://registry.yarnpkg.com/@fortawesome/fontawesome-common-types/-/fontawesome-common-types-0.1.3.tgz#8475e0f2d1ad1f858c4ec2e76ed9a2456a09ad83"
  
  "@fortawesome/fontawesome@^1.1.4":
    version "1.1.4"
    resolved "https://registry.yarnpkg.com/@fortawesome/fontawesome/-/fontawesome-1.1.4.tgz#03065638046206c2226e103b550196934c75be9b"
    dependencies:
      "@fortawesome/fontawesome-common-types" "^0.1.3"

Trace: 
  Error: This module isn't specified in a manifest.
      at new MessageError (/usr/share/yarn/lib/cli.js:186:110)
      at Object.<anonymous> (/usr/share/yarn/lib/cli.js:60445:15)
      at Generator.next (<anonymous>)
      at step (/usr/share/yarn/lib/cli.js:98:30)
      at /usr/share/yarn/lib/cli.js:109:13
      at <anonymous>
